 WARN 2022-07-28T17:35:40.596 ..\..\qModMaster\src\mainwindow.cpp @ 164 RTU settings changes rejected  
ERROR 2022-07-28T17:36:32.243 ..\..\qModMaster\src\modbusadapter.cpp @ 291 Read Data failed.  "Error : Timeout" 
ERROR 2022-07-28T17:36:33.242 ..\..\qModMaster\src\modbusadapter.cpp @ 291 Read Data failed.  "Error : Timeout" 
ERROR 2022-07-28T17:36:34.230 ..\..\qModMaster\src\modbusadapter.cpp @ 291 Read Data failed.  "Error : Timeout" 
ERROR 2022-07-28T17:36:35.232 ..\..\qModMaster\src\modbusadapter.cpp @ 291 Read Data failed.  "Error : Timeout" 
ERROR 2022-07-28T17:36:36.235 ..\..\qModMaster\src\modbusadapter.cpp @ 291 Read Data failed.  "Error : Timeout" 
 WARN 2022-07-28T21:37:36.085 ..\..\qModMaster\src\mainwindow.cpp @ 198 Settings changes rejected  
 WARN 2022-07-28T21:39:10.395 ..\..\qModMaster\src\mainwindow.cpp @ 198 Settings changes rejected  
ERROR 2022-07-29T13:32:21.630 ..\..\qModMaster\src\modbusadapter.cpp @ 291 Read Data failed.  "Error : Invalid CRC" 
ERROR 2022-07-29T13:32:23.627 ..\..\qModMaster\src\modbusadapter.cpp @ 291 Read Data failed.  "Error : Invalid CRC" 
ERROR 2022-07-29T13:32:24.630 ..\..\qModMaster\src\modbusadapter.cpp @ 291 Read Data failed.  "Error : Invalid CRC" 
ERROR 2022-07-29T13:32:27.628 ..\..\qModMaster\src\modbusadapter.cpp @ 291 Read Data failed.  "Error : Invalid CRC" 
ERROR 2022-07-29T13:34:44.631 ..\..\qModMaster\src\modbusadapter.cpp @ 291 Read Data failed.  "Error : Invalid CRC" 
ERROR 2022-07-29T13:34:48.630 ..\..\qModMaster\src\modbusadapter.cpp @ 291 Read Data failed.  "Error : Invalid CRC" 
ERROR 2022-07-29T13:34:50.630 ..\..\qModMaster\src\modbusadapter.cpp @ 291 Read Data failed.  "Error : Invalid CRC" 
ERROR 2022-07-29T13:34:51.629 ..\..\qModMaster\src\modbusadapter.cpp @ 291 Read Data failed.  "Error : Invalid CRC" 
ERROR 2022-07-29T13:34:52.631 ..\..\qModMaster\src\modbusadapter.cpp @ 291 Read Data failed.  "Error : Invalid CRC" 
ERROR 2022-07-29T13:34:53.632 ..\..\qModMaster\src\modbusadapter.cpp @ 291 Read Data failed.  "Error : Invalid CRC" 
ERROR 2022-07-29T13:35:53.004 ..\..\qModMaster\src\modbusadapter.cpp @ 291 Read Data failed.  "Error : Invalid CRC" 
ERROR 2022-07-29T13:35:54.005 ..\..\qModMaster\src\modbusadapter.cpp @ 291 Read Data failed.  "Error : Invalid CRC" 
ERROR 2022-07-29T13:35:58.004 ..\..\qModMaster\src\modbusadapter.cpp @ 291 Read Data failed.  "Error : Invalid CRC" 
ERROR 2022-07-29T13:37:12.504 ..\..\qModMaster\src\modbusadapter.cpp @ 291 Read Data failed.  "Error : Invalid CRC" 
ERROR 2022-07-29T13:37:13.503 ..\..\qModMaster\src\modbusadapter.cpp @ 291 Read Data failed.  "Error : Invalid CRC" 
ERROR 2022-07-29T13:38:39.554 ..\..\qModMaster\src\modbusadapter.cpp @ 291 Read Data failed.  "Error : Invalid CRC" 
ERROR 2022-07-29T13:38:40.550 ..\..\qModMaster\src\modbusadapter.cpp @ 291 Read Data failed.  "Error : Invalid CRC" 
ERROR 2022-07-29T13:40:12.004 ..\..\qModMaster\src\modbusadapter.cpp @ 291 Read Data failed.  "Error : No error" 
ERROR 2022-07-29T13:40:13.002 ..\..\qModMaster\src\modbusadapter.cpp @ 291 Read Data failed.  "Error : No error" 
ERROR 2022-07-29T13:40:13.999 ..\..\qModMaster\src\modbusadapter.cpp @ 291 Read Data failed.  "Error : No error" 
ERROR 2022-07-29T13:40:15.004 ..\..\qModMaster\src\modbusadapter.cpp @ 291 Read Data failed.  "Error : No error" 
ERROR 2022-07-29T13:47:29.377 ..\..\qModMaster\src\modbusadapter.cpp @ 401 Write Data failed.  "Error : Invalid data" 
ERROR 2022-07-29T13:47:30.389 ..\..\qModMaster\src\modbusadapter.cpp @ 401 Write Data failed.  "Error : Invalid data" 
ERROR 2022-07-29T13:47:31.373 ..\..\qModMaster\src\modbusadapter.cpp @ 401 Write Data failed.  "Error : Invalid data" 
ERROR 2022-07-29T13:47:32.379 ..\..\qModMaster\src\modbusadapter.cpp @ 401 Write Data failed.  "Error : Invalid data" 
ERROR 2022-07-29T14:11:53.235 ..\..\qModMaster\src\modbusadapter.cpp @ 291 Read Data failed.  "Error : Timeout" 
ERROR 2022-07-29T14:11:54.597 ..\..\qModMaster\src\modbusadapter.cpp @ 291 Read Data failed.  "Error : Timeout" 
ERROR 2022-07-29T14:11:55.111 ..\..\qModMaster\src\modbusadapter.cpp @ 291 Read Data failed.  "Error : Timeout" 
ERROR 2022-07-29T14:11:55.612 ..\..\qModMaster\src\modbusadapter.cpp @ 291 Read Data failed.  "Error : Timeout" 
ERROR 2022-07-29T14:11:56.134 ..\..\qModMaster\src\modbusadapter.cpp @ 291 Read Data failed.  "Error : Timeout" 
ERROR 2022-07-29T14:11:56.636 ..\..\qModMaster\src\modbusadapter.cpp @ 291 Read Data failed.  "Error : Timeout" 
ERROR 2022-07-29T14:11:57.157 ..\..\qModMaster\src\modbusadapter.cpp @ 291 Read Data failed.  "Error : Timeout" 
ERROR 2022-07-29T14:11:57.669 ..\..\qModMaster\src\modbusadapter.cpp @ 291 Read Data failed.  "Error : Timeout" 
ERROR 2022-07-29T14:11:59.029 ..\..\qModMaster\src\modbusadapter.cpp @ 291 Read Data failed.  "Error : Timeout" 
ERROR 2022-07-29T14:11:59.740 ..\..\qModMaster\src\modbusadapter.cpp @ 291 Read Data failed.  "Error : Timeout" 
ERROR 2022-07-29T14:12:08.327 ..\..\qModMaster\src\modbusadapter.cpp @ 401 Write Data failed.  "Error : Timeout" 
ERROR 2022-07-29T14:12:09.328 ..\..\qModMaster\src\modbusadapter.cpp @ 401 Write Data failed.  "Error : Timeout" 
ERROR 2022-07-29T14:12:10.338 ..\..\qModMaster\src\modbusadapter.cpp @ 401 Write Data failed.  "Error : Timeout" 
ERROR 2022-07-29T14:12:11.328 ..\..\qModMaster\src\modbusadapter.cpp @ 401 Write Data failed.  "Error : Timeout" 
ERROR 2022-07-29T14:12:12.343 ..\..\qModMaster\src\modbusadapter.cpp @ 401 Write Data failed.  "Error : Timeout" 
ERROR 2022-07-29T14:12:13.328 ..\..\qModMaster\src\modbusadapter.cpp @ 401 Write Data failed.  "Error : Timeout" 
ERROR 2022-07-29T14:12:14.333 ..\..\qModMaster\src\modbusadapter.cpp @ 401 Write Data failed.  "Error : Timeout" 
ERROR 2022-07-29T14:12:15.338 ..\..\qModMaster\src\modbusadapter.cpp @ 401 Write Data failed.  "Error : Timeout" 
ERROR 2022-07-29T14:12:16.342 ..\..\qModMaster\src\modbusadapter.cpp @ 401 Write Data failed.  "Error : Timeout" 
ERROR 2022-07-29T14:12:17.327 ..\..\qModMaster\src\modbusadapter.cpp @ 401 Write Data failed.  "Error : Timeout" 
ERROR 2022-07-29T14:12:18.343 ..\..\qModMaster\src\modbusadapter.cpp @ 401 Write Data failed.  "Error : Timeout" 
ERROR 2022-07-29T14:12:19.344 ..\..\qModMaster\src\modbusadapter.cpp @ 401 Write Data failed.  "Error : Timeout" 
ERROR 2022-07-29T14:12:20.331 ..\..\qModMaster\src\modbusadapter.cpp @ 401 Write Data failed.  "Error : Timeout" 
ERROR 2022-07-29T14:12:20.843 ..\..\qModMaster\src\modbusadapter.cpp @ 291 Read Data failed.  "Error : Timeout" 
ERROR 2022-07-29T14:12:38.768 ..\..\qModMaster\src\modbusadapter.cpp @ 401 Write Data failed.  "Error : Timeout" 
ERROR 2022-07-29T14:13:07.415 ..\..\qModMaster\src\modbusadapter.cpp @ 401 Write Data failed.  "Error : Timeout" 
ERROR 2022-07-29T14:13:08.419 ..\..\qModMaster\src\modbusadapter.cpp @ 401 Write Data failed.  "Error : Timeout" 
ERROR 2022-07-29T14:13:09.407 ..\..\qModMaster\src\modbusadapter.cpp @ 401 Write Data failed.  "Error : Timeout" 
ERROR 2022-07-29T14:13:10.415 ..\..\qModMaster\src\modbusadapter.cpp @ 401 Write Data failed.  "Error : Timeout" 
ERROR 2022-07-29T14:13:11.407 ..\..\qModMaster\src\modbusadapter.cpp @ 401 Write Data failed.  "Error : Timeout" 
ERROR 2022-07-29T14:13:12.413 ..\..\qModMaster\src\modbusadapter.cpp @ 401 Write Data failed.  "Error : Timeout" 
ERROR 2022-07-29T14:13:13.414 ..\..\qModMaster\src\modbusadapter.cpp @ 401 Write Data failed.  "Error : Timeout" 
ERROR 2022-07-29T14:13:13.929 ..\..\qModMaster\src\modbusadapter.cpp @ 291 Read Data failed.  "Error : Timeout" 
ERROR 2022-07-29T14:13:23.354 ..\..\qModMaster\src\modbusadapter.cpp @ 291 Read Data failed.  "Error : Timeout" 
ERROR 2022-07-29T14:13:27.860 ..\..\qModMaster\src\modbusadapter.cpp @ 401 Write Data failed.  "Error : Timeout" 
ERROR 2022-07-29T14:13:28.875 ..\..\qModMaster\src\modbusadapter.cpp @ 401 Write Data failed.  "Error : Timeout" 
ERROR 2022-07-29T14:13:29.860 ..\..\qModMaster\src\modbusadapter.cpp @ 401 Write Data failed.  "Error : Timeout" 
ERROR 2022-07-29T14:13:30.872 ..\..\qModMaster\src\modbusadapter.cpp @ 401 Write Data failed.  "Error : Timeout" 
ERROR 2022-07-29T14:13:31.861 ..\..\qModMaster\src\modbusadapter.cpp @ 401 Write Data failed.  "Error : Timeout" 
ERROR 2022-07-29T14:13:32.863 ..\..\qModMaster\src\modbusadapter.cpp @ 401 Write Data failed.  "Error : Timeout" 
ERROR 2022-07-29T14:13:33.376 ..\..\qModMaster\src\modbusadapter.cpp @ 291 Read Data failed.  "Error : Timeout" 
ERROR 2022-07-29T14:13:36.447 ..\..\qModMaster\src\modbusadapter.cpp @ 401 Write Data failed.  "Error : Timeout" 
ERROR 2022-07-29T14:13:40.768 ..\..\qModMaster\src\modbusadapter.cpp @ 291 Read Data failed.  "Error : Timeout" 
ERROR 2022-07-29T14:13:41.278 ..\..\qModMaster\src\modbusadapter.cpp @ 291 Read Data failed.  "Error : Timeout" 
ERROR 2022-07-29T14:13:44.227 ..\..\qModMaster\src\modbusadapter.cpp @ 401 Write Data failed.  "Error : Timeout" 
ERROR 2022-07-29T14:14:17.434 ..\..\qModMaster\src\modbusadapter.cpp @ 291 Read Data failed.  "Error : Timeout" 
ERROR 2022-07-29T14:14:30.472 ..\..\qModMaster\src\modbusadapter.cpp @ 401 Write Data failed.  "Error : Timeout" 
ERROR 2022-07-29T14:14:38.538 ..\..\qModMaster\src\modbusadapter.cpp @ 291 Read Data failed.  "Error : Timeout" 
ERROR 2022-07-29T14:14:45.259 ..\..\qModMaster\src\modbusadapter.cpp @ 401 Write Data failed.  "Error : Timeout" 
ERROR 2022-07-29T14:14:50.362 ..\..\qModMaster\src\modbusadapter.cpp @ 401 Write Data failed.  "Error : Timeout" 
ERROR 2022-07-29T14:14:51.367 ..\..\qModMaster\src\modbusadapter.cpp @ 401 Write Data failed.  "Error : Timeout" 
ERROR 2022-07-29T14:14:52.368 ..\..\qModMaster\src\modbusadapter.cpp @ 401 Write Data failed.  "Error : Timeout" 
ERROR 2022-07-29T14:14:52.883 ..\..\qModMaster\src\modbusadapter.cpp @ 291 Read Data failed.  "Error : Timeout" 
ERROR 2022-07-29T14:16:01.623 ..\..\qModMaster\src\modbusadapter.cpp @ 401 Write Data failed.  "Error : Timeout" 
ERROR 2022-07-29T14:16:26.283 ..\..\qModMaster\src\modbusadapter.cpp @ 401 Write Data failed.  "Error : Timeout" 
ERROR 2022-07-29T14:17:52.169 ..\..\qModMaster\src\modbusadapter.cpp @ 401 Write Data failed.  "Error : Timeout" 
ERROR 2022-07-29T14:18:59.522 ..\..\qModMaster\src\modbusadapter.cpp @ 401 Write Data failed.  "Error : Timeout" 
ERROR 2022-07-29T14:20:29.540 ..\..\qModMaster\src\modbusadapter.cpp @ 401 Write Data failed.  "Error : Timeout" 
ERROR 2022-07-29T14:20:41.528 ..\..\qModMaster\src\modbusadapter.cpp @ 401 Write Data failed.  "Error : Timeout" 
ERROR 2022-07-29T14:20:48.967 ..\..\qModMaster\src\modbusadapter.cpp @ 401 Write Data failed.  "Error : Timeout" 
ERROR 2022-07-29T14:20:58.892 ..\..\qModMaster\src\modbusadapter.cpp @ 401 Write Data failed.  "Error : Timeout" 
ERROR 2022-07-29T14:21:02.365 ..\..\qModMaster\src\modbusadapter.cpp @ 291 Read Data failed.  "Error : Timeout" 
ERROR 2022-07-29T14:21:04.972 ..\..\qModMaster\src\modbusadapter.cpp @ 401 Write Data failed.  "Error : Timeout" 
ERROR 2022-07-29T14:21:09.885 ..\..\qModMaster\src\modbusadapter.cpp @ 401 Write Data failed.  "Error : Timeout" 
ERROR 2022-07-29T14:21:27.437 ..\..\qModMaster\src\modbusadapter.cpp @ 401 Write Data failed.  "Error : Timeout" 
ERROR 2022-07-29T14:21:38.012 ..\..\qModMaster\src\modbusadapter.cpp @ 401 Write Data failed.  "Error : Timeout" 
ERROR 2022-07-29T14:21:43.078 ..\..\qModMaster\src\modbusadapter.cpp @ 291 Read Data failed.  "Error : Timeout" 
ERROR 2022-07-29T14:21:47.890 ..\..\qModMaster\src\modbusadapter.cpp @ 401 Write Data failed.  "Error : Timeout" 
ERROR 2022-07-29T14:21:53.689 ..\..\qModMaster\src\modbusadapter.cpp @ 291 Read Data failed.  "Error : Timeout" 
ERROR 2022-07-29T14:21:55.922 ..\..\qModMaster\src\modbusadapter.cpp @ 291 Read Data failed.  "Error : Timeout" 
ERROR 2022-07-29T14:21:56.732 ..\..\qModMaster\src\modbusadapter.cpp @ 291 Read Data failed.  "Error : Timeout" 
ERROR 2022-07-29T14:21:59.861 ..\..\qModMaster\src\modbusadapter.cpp @ 401 Write Data failed.  "Error : Timeout" 
ERROR 2022-07-29T14:22:14.129 ..\..\qModMaster\src\modbusadapter.cpp @ 401 Write Data failed.  "Error : Timeout" 
ERROR 2022-07-29T14:22:16.252 ..\..\qModMaster\src\modbusadapter.cpp @ 291 Read Data failed.  "Error : Timeout" 
ERROR 2022-07-29T14:22:21.637 ..\..\qModMaster\src\modbusadapter.cpp @ 401 Write Data failed.  "Error : Timeout" 
ERROR 2022-07-29T14:22:30.014 ..\..\qModMaster\src\modbusadapter.cpp @ 291 Read Data failed.  "Error : Timeout" 
ERROR 2022-07-29T14:22:31.118 ..\..\qModMaster\src\modbusadapter.cpp @ 291 Read Data failed.  "Error : Timeout" 
ERROR 2022-07-29T14:22:35.116 ..\..\qModMaster\src\modbusadapter.cpp @ 401 Write Data failed.  "Error : Timeout" 
ERROR 2022-07-29T14:25:27.553 ..\..\qModMaster\src\modbusadapter.cpp @ 401 Write Data failed.  "Error : Timeout" 
ERROR 2022-07-29T14:26:10.935 ..\..\qModMaster\src\modbusadapter.cpp @ 401 Write Data failed.  "Error : Timeout" 
ERROR 2022-07-29T14:27:07.924 ..\..\qModMaster\src\modbusadapter.cpp @ 401 Write Data failed.  "Error : Timeout" 
ERROR 2022-07-29T14:27:22.268 ..\..\qModMaster\src\modbusadapter.cpp @ 401 Write Data failed.  "Error : Timeout" 
ERROR 2022-07-29T14:29:28.190 ..\..\qModMaster\src\modbusadapter.cpp @ 401 Write Data failed.  "Error : Timeout" 
ERROR 2022-07-29T14:30:19.025 ..\..\qModMaster\src\modbusadapter.cpp @ 401 Write Data failed.  "Error : Timeout" 
ERROR 2022-07-29T14:30:23.992 ..\..\qModMaster\src\modbusadapter.cpp @ 401 Write Data failed.  "Error : Timeout" 
ERROR 2022-07-29T14:32:16.649 ..\..\qModMaster\src\modbusadapter.cpp @ 401 Write Data failed.  "Error : Timeout" 
ERROR 2022-07-29T14:33:15.231 ..\..\qModMaster\src\modbusadapter.cpp @ 401 Write Data failed.  "Error : Timeout" 
ERROR 2022-07-29T14:48:53.350 ..\..\qModMaster\src\modbusadapter.cpp @ 75 Connection failed. Could not connect to serial port 
ERROR 2022-07-29T14:48:55.097 ..\..\qModMaster\src\modbusadapter.cpp @ 75 Connection failed. Could not connect to serial port 
ERROR 2022-07-29T14:48:56.508 ..\..\qModMaster\src\modbusadapter.cpp @ 75 Connection failed. Could not connect to serial port 
ERROR 2022-07-29T14:48:57.459 ..\..\qModMaster\src\modbusadapter.cpp @ 75 Connection failed. Could not connect to serial port 
ERROR 2022-07-29T14:49:29.705 ..\..\qModMaster\src\modbusadapter.cpp @ 75 Connection failed. Could not connect to serial port 
ERROR 2022-07-29T14:49:51.455 ..\..\qModMaster\src\modbusadapter.cpp @ 75 Connection failed. Could not connect to serial port 
ERROR 2022-07-29T14:49:52.056 ..\..\qModMaster\src\modbusadapter.cpp @ 75 Connection failed. Could not connect to serial port 
ERROR 2022-07-29T14:49:52.630 ..\..\qModMaster\src\modbusadapter.cpp @ 75 Connection failed. Could not connect to serial port 
ERROR 2022-07-29T14:49:53.190 ..\..\qModMaster\src\modbusadapter.cpp @ 75 Connection failed. Could not connect to serial port 
ERROR 2022-07-29T14:49:53.616 ..\..\qModMaster\src\modbusadapter.cpp @ 75 Connection failed. Could not connect to serial port 
ERROR 2022-07-29T14:49:53.941 ..\..\qModMaster\src\modbusadapter.cpp @ 75 Connection failed. Could not connect to serial port 
ERROR 2022-07-29T14:49:54.216 ..\..\qModMaster\src\modbusadapter.cpp @ 75 Connection failed. Could not connect to serial port 
ERROR 2022-07-29T14:49:54.467 ..\..\qModMaster\src\modbusadapter.cpp @ 75 Connection failed. Could not connect to serial port 
ERROR 2022-07-29T14:50:21.071 ..\..\qModMaster\src\modbusadapter.cpp @ 291 Read Data failed.  "Error : Timeout" 
ERROR 2022-07-29T14:56:37.221 ..\..\qModMaster\src\modbusadapter.cpp @ 401 Write Data failed.  "Error : Invalid CRC" 
ERROR 2022-07-29T14:56:41.972 ..\..\qModMaster\src\modbusadapter.cpp @ 401 Write Data failed.  "Error : Timeout" 
ERROR 2022-07-29T14:56:50.161 ..\..\qModMaster\src\modbusadapter.cpp @ 401 Write Data failed.  "Error : Timeout" 
ERROR 2022-07-29T15:00:29.642 ..\..\qModMaster\src\modbusadapter.cpp @ 291 Read Data failed.  "Error : Timeout" 
ERROR 2022-07-29T16:20:34.049 ..\..\qModMaster\src\modbusadapter.cpp @ 291 Read Data failed.  "Error : Timeout" 
ERROR 2022-07-29T16:20:55.892 ..\..\qModMaster\src\modbusadapter.cpp @ 291 Read Data failed.  "Error : Timeout" 
ERROR 2022-07-29T16:22:00.548 ..\..\qModMaster\src\modbusadapter.cpp @ 291 Read Data failed.  "Error : Timeout" 
ERROR 2022-07-29T16:22:07.246 ..\..\qModMaster\src\modbusadapter.cpp @ 291 Read Data failed.  "Error : Timeout" 
